  Component.cpp
C:\Program Files (x86)\Microsoft Visual Studio\2019\Community\VC\Tools\MSVC\14.20.27508\include\xmemory0(888): error C2528: 'pointer': pointer to reference is illegal
  C:\Program Files (x86)\Microsoft Visual Studio\2019\Community\VC\Tools\MSVC\14.20.27508\include\xmemory0(837): note: see reference to class template instantiation 'std::allocator<_Ty>' being compiled
          with
          [
              _Ty=engine::Component &
          ]
  C:\Program Files (x86)\Microsoft Visual Studio\2019\Community\VC\Tools\MSVC\14.20.27508\include\vector(347): note: see reference to class template instantiation 'std::allocator_traits<_Alloc>' being compiled
          with
          [
              _Alloc=std::allocator<engine::Component &>
          ]
  C:\Program Files (x86)\Microsoft Visual Studio\2019\Community\VC\Tools\MSVC\14.20.27508\include\vector(347): note: see reference to alias template instantiation 'std::_Rebind_alloc_t<std::allocator<_Ty>,_Ty>' being compiled
          with
          [
              _Ty=engine::Component &
          ]
  C:\Users\Massimo\Documents\VisualStudioProjects\Engine\maincpp\Engine.h(11): note: see reference to class template instantiation 'std::vector<engine::Component &,std::allocator<_Ty>>' being compiled
          with
          [
              _Ty=engine::Component &
          ]
C:\Program Files (x86)\Microsoft Visual Studio\2019\Community\VC\Tools\MSVC\14.20.27508\include\xmemory0(889): error C2528: 'const_pointer': pointer to reference is illegal
C:\Program Files (x86)\Microsoft Visual Studio\2019\Community\VC\Tools\MSVC\14.20.27508\include\xmemory0(906): error C2528: 'address': pointer to reference is illegal
C:\Program Files (x86)\Microsoft Visual Studio\2019\Community\VC\Tools\MSVC\14.20.27508\include\xmemory0(911): error C2528: 'address': pointer to reference is illegal
C:\Program Files (x86)\Microsoft Visual Studio\2019\Community\VC\Tools\MSVC\14.20.27508\include\xmemory0(923): error C2528: '_Ptr': pointer to reference is illegal
C:\Program Files (x86)\Microsoft Visual Studio\2019\Community\VC\Tools\MSVC\14.20.27508\include\xmemory0(929): error C2528: 'allocate': pointer to reference is illegal
C:\Program Files (x86)\Microsoft Visual Studio\2019\Community\VC\Tools\MSVC\14.20.27508\include\xmemory0(934): error C2528: 'allocate': pointer to reference is illegal
C:\Program Files (x86)\Microsoft Visual Studio\2019\Community\VC\Tools\MSVC\14.20.27508\include\xmemory0(783): error C2528: 'abstract declarator': pointer to reference is illegal
  C:\Program Files (x86)\Microsoft Visual Studio\2019\Community\VC\Tools\MSVC\14.20.27508\include\xmemory0(838): note: see reference to class template instantiation 'std::_Default_allocator_traits<_Alloc>' being compiled
          with
          [
              _Alloc=std::allocator<engine::Component &>
          ]
C:\Program Files (x86)\Microsoft Visual Studio\2019\Community\VC\Tools\MSVC\14.20.27508\include\xmemory0(784): error C2528: 'abstract declarator': pointer to reference is illegal
C:\Program Files (x86)\Microsoft Visual Studio\2019\Community\VC\Tools\MSVC\14.20.27508\include\xmemory0(803): error C2528: '<template-parameter>': pointer to reference is illegal
C:\Program Files (x86)\Microsoft Visual Studio\2019\Community\VC\Tools\MSVC\14.20.27508\include\xmemory0(808): error C2528: '<template-parameter>': pointer to reference is illegal
C:\Program Files (x86)\Microsoft Visual Studio\2019\Community\VC\Tools\MSVC\14.20.27508\include\xmemory0(863): error C2528: 'abstract declarator': pointer to reference is illegal
  C:\Program Files (x86)\Microsoft Visual Studio\2019\Community\VC\Tools\MSVC\14.20.27508\include\vector(350): note: see reference to variable template 'const bool _Is_simple_alloc_v<std::allocator<engine::Component &> >' being compiled
C:\Program Files (x86)\Microsoft Visual Studio\2019\Community\VC\Tools\MSVC\14.20.27508\include\xmemory0(863): error C2528: '<template-parameter>': pointer to reference is illegal
C:\Program Files (x86)\Microsoft Visual Studio\2019\Community\VC\Tools\MSVC\14.20.27508\include\xmemory0(864): error C2528: 'abstract declarator': pointer to reference is illegal
C:\Program Files (x86)\Microsoft Visual Studio\2019\Community\VC\Tools\MSVC\14.20.27508\include\xmemory0(864): error C2528: '<template-parameter>': pointer to reference is illegal
C:\Program Files (x86)\Microsoft Visual Studio\2019\Community\VC\Tools\MSVC\14.20.27508\include\vector(352): error C2528: '<template-parameter>': pointer to reference is illegal
C:\Program Files (x86)\Microsoft Visual Studio\2019\Community\VC\Tools\MSVC\14.20.27508\include\vector(653): error C2535: 'void std::vector<engine::Component &,std::allocator<_Ty>>::push_back(_Ty)': member function already defined or declared
          with
          [
              _Ty=engine::Component &
          ]
  C:\Program Files (x86)\Microsoft Visual Studio\2019\Community\VC\Tools\MSVC\14.20.27508\include\vector(649): note: see declaration of 'std::vector<engine::Component &,std::allocator<_Ty>>::push_back'
          with
          [
              _Ty=engine::Component &
          ]
C:\Program Files (x86)\Microsoft Visual Studio\2019\Community\VC\Tools\MSVC\14.20.27508\include\vector(730): error C2535: 'std::_Vector_iterator<std::_Vector_val<std::_Simple_types<_Ty>>> std::vector<_Ty,std::allocator<_Ty>>::insert(std::_Vector_const_iterator<std::_Vector_val<std::_Simple_types<_Ty>>>,_Ty)': member function already defined or declared
          with
          [
              _Ty=engine::Component &
          ]
  C:\Program Files (x86)\Microsoft Visual Studio\2019\Community\VC\Tools\MSVC\14.20.27508\include\vector(726): note: see declaration of 'std::vector<engine::Component &,std::allocator<_Ty>>::insert'
          with
          [
              _Ty=engine::Component &
          ]
C:\Program Files (x86)\Microsoft Visual Studio\2019\Community\VC\Tools\MSVC\14.20.27508\include\vector(1259): error C2528: 'data': pointer to reference is illegal
C:\Program Files (x86)\Microsoft Visual Studio\2019\Community\VC\Tools\MSVC\14.20.27508\include\vector(1263): error C2528: 'data': pointer to reference is illegal
C:\Program Files (x86)\Microsoft Visual Studio\2019\Community\VC\Tools\MSVC\14.20.27508\include\xmemory0(873): error C2528: 'abstract declarator': pointer to reference is illegal
  C:\Program Files (x86)\Microsoft Visual Studio\2019\Community\VC\Tools\MSVC\14.20.27508\include\vector(310): note: see reference to class template instantiation 'std::_Simple_types<_Ty>' being compiled
          with
          [
              _Ty=engine::Component &
          ]
  C:\Program Files (x86)\Microsoft Visual Studio\2019\Community\VC\Tools\MSVC\14.20.27508\include\xmemory0(1520): note: see reference to class template instantiation 'std::_Vector_val<std::_Simple_types<_Ty>>' being compiled
          with
          [
              _Ty=engine::Component &
          ]
  C:\Program Files (x86)\Microsoft Visual Studio\2019\Community\VC\Tools\MSVC\14.20.27508\include\vector(1638): note: see reference to class template instantiation 'std::_Compressed_pair<std::allocator<_Ty>,std::_Vector_val<std::_Simple_types<_Ty>>,true>' being compiled
          with
          [
              _Ty=engine::Component &
          ]
C:\Program Files (x86)\Microsoft Visual Studio\2019\Community\VC\Tools\MSVC\14.20.27508\include\xmemory0(874): error C2528: 'abstract declarator': pointer to reference is illegal
  main.cpp
C:\Program Files (x86)\Microsoft Visual Studio\2019\Community\VC\Tools\MSVC\14.20.27508\include\xmemory0(888): error C2528: 'pointer': pointer to reference is illegal
  C:\Program Files (x86)\Microsoft Visual Studio\2019\Community\VC\Tools\MSVC\14.20.27508\include\xmemory0(837): note: see reference to class template instantiation 'std::allocator<_Ty>' being compiled
          with
          [
              _Ty=engine::Component &
          ]
  C:\Program Files (x86)\Microsoft Visual Studio\2019\Community\VC\Tools\MSVC\14.20.27508\include\vector(347): note: see reference to class template instantiation 'std::allocator_traits<_Alloc>' being compiled
          with
          [
              _Alloc=std::allocator<engine::Component &>
          ]
  C:\Program Files (x86)\Microsoft Visual Studio\2019\Community\VC\Tools\MSVC\14.20.27508\include\vector(347): note: see reference to alias template instantiation 'std::_Rebind_alloc_t<std::allocator<_Ty>,_Ty>' being compiled
          with
          [
              _Ty=engine::Component &
          ]
  C:\Users\Massimo\Documents\VisualStudioProjects\Engine\maincpp\Engine.h(11): note: see reference to class template instantiation 'std::vector<engine::Component &,std::allocator<_Ty>>' being compiled
          with
          [
              _Ty=engine::Component &
          ]
C:\Program Files (x86)\Microsoft Visual Studio\2019\Community\VC\Tools\MSVC\14.20.27508\include\xmemory0(889): error C2528: 'const_pointer': pointer to reference is illegal
C:\Program Files (x86)\Microsoft Visual Studio\2019\Community\VC\Tools\MSVC\14.20.27508\include\xmemory0(906): error C2528: 'address': pointer to reference is illegal
C:\Program Files (x86)\Microsoft Visual Studio\2019\Community\VC\Tools\MSVC\14.20.27508\include\xmemory0(911): error C2528: 'address': pointer to reference is illegal
C:\Program Files (x86)\Microsoft Visual Studio\2019\Community\VC\Tools\MSVC\14.20.27508\include\xmemory0(923): error C2528: '_Ptr': pointer to reference is illegal
C:\Program Files (x86)\Microsoft Visual Studio\2019\Community\VC\Tools\MSVC\14.20.27508\include\xmemory0(929): error C2528: 'allocate': pointer to reference is illegal
C:\Program Files (x86)\Microsoft Visual Studio\2019\Community\VC\Tools\MSVC\14.20.27508\include\xmemory0(934): error C2528: 'allocate': pointer to reference is illegal
C:\Program Files (x86)\Microsoft Visual Studio\2019\Community\VC\Tools\MSVC\14.20.27508\include\xmemory0(783): error C2528: 'abstract declarator': pointer to reference is illegal
  C:\Program Files (x86)\Microsoft Visual Studio\2019\Community\VC\Tools\MSVC\14.20.27508\include\xmemory0(838): note: see reference to class template instantiation 'std::_Default_allocator_traits<_Alloc>' being compiled
          with
          [
              _Alloc=std::allocator<engine::Component &>
          ]
C:\Program Files (x86)\Microsoft Visual Studio\2019\Community\VC\Tools\MSVC\14.20.27508\include\xmemory0(784): error C2528: 'abstract declarator': pointer to reference is illegal
C:\Program Files (x86)\Microsoft Visual Studio\2019\Community\VC\Tools\MSVC\14.20.27508\include\xmemory0(803): error C2528: '<template-parameter>': pointer to reference is illegal
C:\Program Files (x86)\Microsoft Visual Studio\2019\Community\VC\Tools\MSVC\14.20.27508\include\xmemory0(808): error C2528: '<template-parameter>': pointer to reference is illegal
C:\Program Files (x86)\Microsoft Visual Studio\2019\Community\VC\Tools\MSVC\14.20.27508\include\xmemory0(863): error C2528: 'abstract declarator': pointer to reference is illegal
  C:\Program Files (x86)\Microsoft Visual Studio\2019\Community\VC\Tools\MSVC\14.20.27508\include\vector(350): note: see reference to variable template 'const bool _Is_simple_alloc_v<std::allocator<engine::Component &> >' being compiled
C:\Program Files (x86)\Microsoft Visual Studio\2019\Community\VC\Tools\MSVC\14.20.27508\include\xmemory0(863): error C2528: '<template-parameter>': pointer to reference is illegal
C:\Program Files (x86)\Microsoft Visual Studio\2019\Community\VC\Tools\MSVC\14.20.27508\include\xmemory0(864): error C2528: 'abstract declarator': pointer to reference is illegal
C:\Program Files (x86)\Microsoft Visual Studio\2019\Community\VC\Tools\MSVC\14.20.27508\include\xmemory0(864): error C2528: '<template-parameter>': pointer to reference is illegal
C:\Program Files (x86)\Microsoft Visual Studio\2019\Community\VC\Tools\MSVC\14.20.27508\include\vector(352): error C2528: '<template-parameter>': pointer to reference is illegal
C:\Program Files (x86)\Microsoft Visual Studio\2019\Community\VC\Tools\MSVC\14.20.27508\include\vector(653): error C2535: 'void std::vector<engine::Component &,std::allocator<_Ty>>::push_back(_Ty)': member function already defined or declared
          with
          [
              _Ty=engine::Component &
          ]
  C:\Program Files (x86)\Microsoft Visual Studio\2019\Community\VC\Tools\MSVC\14.20.27508\include\vector(649): note: see declaration of 'std::vector<engine::Component &,std::allocator<_Ty>>::push_back'
          with
          [
              _Ty=engine::Component &
          ]
C:\Program Files (x86)\Microsoft Visual Studio\2019\Community\VC\Tools\MSVC\14.20.27508\include\vector(730): error C2535: 'std::_Vector_iterator<std::_Vector_val<std::_Simple_types<_Ty>>> std::vector<_Ty,std::allocator<_Ty>>::insert(std::_Vector_const_iterator<std::_Vector_val<std::_Simple_types<_Ty>>>,_Ty)': member function already defined or declared
          with
          [
              _Ty=engine::Component &
          ]
  C:\Program Files (x86)\Microsoft Visual Studio\2019\Community\VC\Tools\MSVC\14.20.27508\include\vector(726): note: see declaration of 'std::vector<engine::Component &,std::allocator<_Ty>>::insert'
          with
          [
              _Ty=engine::Component &
          ]
C:\Program Files (x86)\Microsoft Visual Studio\2019\Community\VC\Tools\MSVC\14.20.27508\include\vector(1259): error C2528: 'data': pointer to reference is illegal
C:\Program Files (x86)\Microsoft Visual Studio\2019\Community\VC\Tools\MSVC\14.20.27508\include\vector(1263): error C2528: 'data': pointer to reference is illegal
C:\Program Files (x86)\Microsoft Visual Studio\2019\Community\VC\Tools\MSVC\14.20.27508\include\xmemory0(873): error C2528: 'abstract declarator': pointer to reference is illegal
  C:\Program Files (x86)\Microsoft Visual Studio\2019\Community\VC\Tools\MSVC\14.20.27508\include\vector(310): note: see reference to class template instantiation 'std::_Simple_types<_Ty>' being compiled
          with
          [
              _Ty=engine::Component &
          ]
  C:\Program Files (x86)\Microsoft Visual Studio\2019\Community\VC\Tools\MSVC\14.20.27508\include\xmemory0(1520): note: see reference to class template instantiation 'std::_Vector_val<std::_Simple_types<_Ty>>' being compiled
          with
          [
              _Ty=engine::Component &
          ]
  C:\Program Files (x86)\Microsoft Visual Studio\2019\Community\VC\Tools\MSVC\14.20.27508\include\vector(1638): note: see reference to class template instantiation 'std::_Compressed_pair<std::allocator<_Ty>,std::_Vector_val<std::_Simple_types<_Ty>>,true>' being compiled
          with
          [
              _Ty=engine::Component &
          ]
C:\Program Files (x86)\Microsoft Visual Studio\2019\Community\VC\Tools\MSVC\14.20.27508\include\xmemory0(874): error C2528: 'abstract declarator': pointer to reference is illegal
  engine.cpp
C:\Program Files (x86)\Microsoft Visual Studio\2019\Community\VC\Tools\MSVC\14.20.27508\include\xmemory0(888): error C2528: 'pointer': pointer to reference is illegal
  C:\Program Files (x86)\Microsoft Visual Studio\2019\Community\VC\Tools\MSVC\14.20.27508\include\xmemory0(837): note: see reference to class template instantiation 'std::allocator<_Ty>' being compiled
          with
          [
              _Ty=engine::Component &
          ]
  C:\Program Files (x86)\Microsoft Visual Studio\2019\Community\VC\Tools\MSVC\14.20.27508\include\vector(347): note: see reference to class template instantiation 'std::allocator_traits<_Alloc>' being compiled
          with
          [
              _Alloc=std::allocator<engine::Component &>
          ]
  C:\Program Files (x86)\Microsoft Visual Studio\2019\Community\VC\Tools\MSVC\14.20.27508\include\vector(347): note: see reference to alias template instantiation 'std::_Rebind_alloc_t<std::allocator<_Ty>,_Ty>' being compiled
          with
          [
              _Ty=engine::Component &
          ]
  C:\Users\Massimo\Documents\VisualStudioProjects\Engine\maincpp\Engine.h(11): note: see reference to class template instantiation 'std::vector<engine::Component &,std::allocator<_Ty>>' being compiled
          with
          [
              _Ty=engine::Component &
          ]
C:\Program Files (x86)\Microsoft Visual Studio\2019\Community\VC\Tools\MSVC\14.20.27508\include\xmemory0(889): error C2528: 'const_pointer': pointer to reference is illegal
C:\Program Files (x86)\Microsoft Visual Studio\2019\Community\VC\Tools\MSVC\14.20.27508\include\xmemory0(906): error C2528: 'address': pointer to reference is illegal
C:\Program Files (x86)\Microsoft Visual Studio\2019\Community\VC\Tools\MSVC\14.20.27508\include\xmemory0(911): error C2528: 'address': pointer to reference is illegal
C:\Program Files (x86)\Microsoft Visual Studio\2019\Community\VC\Tools\MSVC\14.20.27508\include\xmemory0(923): error C2528: '_Ptr': pointer to reference is illegal
C:\Program Files (x86)\Microsoft Visual Studio\2019\Community\VC\Tools\MSVC\14.20.27508\include\xmemory0(929): error C2528: 'allocate': pointer to reference is illegal
C:\Program Files (x86)\Microsoft Visual Studio\2019\Community\VC\Tools\MSVC\14.20.27508\include\xmemory0(934): error C2528: 'allocate': pointer to reference is illegal
C:\Program Files (x86)\Microsoft Visual Studio\2019\Community\VC\Tools\MSVC\14.20.27508\include\xmemory0(783): error C2528: 'abstract declarator': pointer to reference is illegal
  C:\Program Files (x86)\Microsoft Visual Studio\2019\Community\VC\Tools\MSVC\14.20.27508\include\xmemory0(838): note: see reference to class template instantiation 'std::_Default_allocator_traits<_Alloc>' being compiled
          with
          [
              _Alloc=std::allocator<engine::Component &>
          ]
C:\Program Files (x86)\Microsoft Visual Studio\2019\Community\VC\Tools\MSVC\14.20.27508\include\xmemory0(784): error C2528: 'abstract declarator': pointer to reference is illegal
C:\Program Files (x86)\Microsoft Visual Studio\2019\Community\VC\Tools\MSVC\14.20.27508\include\xmemory0(803): error C2528: '<template-parameter>': pointer to reference is illegal
C:\Program Files (x86)\Microsoft Visual Studio\2019\Community\VC\Tools\MSVC\14.20.27508\include\xmemory0(808): error C2528: '<template-parameter>': pointer to reference is illegal
C:\Program Files (x86)\Microsoft Visual Studio\2019\Community\VC\Tools\MSVC\14.20.27508\include\xmemory0(863): error C2528: 'abstract declarator': pointer to reference is illegal
  C:\Program Files (x86)\Microsoft Visual Studio\2019\Community\VC\Tools\MSVC\14.20.27508\include\vector(350): note: see reference to variable template 'const bool _Is_simple_alloc_v<std::allocator<engine::Component &> >' being compiled
C:\Program Files (x86)\Microsoft Visual Studio\2019\Community\VC\Tools\MSVC\14.20.27508\include\xmemory0(863): error C2528: '<template-parameter>': pointer to reference is illegal
C:\Program Files (x86)\Microsoft Visual Studio\2019\Community\VC\Tools\MSVC\14.20.27508\include\xmemory0(864): error C2528: 'abstract declarator': pointer to reference is illegal
C:\Program Files (x86)\Microsoft Visual Studio\2019\Community\VC\Tools\MSVC\14.20.27508\include\xmemory0(864): error C2528: '<template-parameter>': pointer to reference is illegal
C:\Program Files (x86)\Microsoft Visual Studio\2019\Community\VC\Tools\MSVC\14.20.27508\include\vector(352): error C2528: '<template-parameter>': pointer to reference is illegal
C:\Program Files (x86)\Microsoft Visual Studio\2019\Community\VC\Tools\MSVC\14.20.27508\include\vector(653): error C2535: 'void std::vector<engine::Component &,std::allocator<_Ty>>::push_back(_Ty)': member function already defined or declared
          with
          [
              _Ty=engine::Component &
          ]
  C:\Program Files (x86)\Microsoft Visual Studio\2019\Community\VC\Tools\MSVC\14.20.27508\include\vector(649): note: see declaration of 'std::vector<engine::Component &,std::allocator<_Ty>>::push_back'
          with
          [
              _Ty=engine::Component &
          ]
C:\Program Files (x86)\Microsoft Visual Studio\2019\Community\VC\Tools\MSVC\14.20.27508\include\vector(730): error C2535: 'std::_Vector_iterator<std::_Vector_val<std::_Simple_types<_Ty>>> std::vector<_Ty,std::allocator<_Ty>>::insert(std::_Vector_const_iterator<std::_Vector_val<std::_Simple_types<_Ty>>>,_Ty)': member function already defined or declared
          with
          [
              _Ty=engine::Component &
          ]
  C:\Program Files (x86)\Microsoft Visual Studio\2019\Community\VC\Tools\MSVC\14.20.27508\include\vector(726): note: see declaration of 'std::vector<engine::Component &,std::allocator<_Ty>>::insert'
          with
          [
              _Ty=engine::Component &
          ]
C:\Program Files (x86)\Microsoft Visual Studio\2019\Community\VC\Tools\MSVC\14.20.27508\include\vector(1259): error C2528: 'data': pointer to reference is illegal
C:\Program Files (x86)\Microsoft Visual Studio\2019\Community\VC\Tools\MSVC\14.20.27508\include\vector(1263): error C2528: 'data': pointer to reference is illegal
C:\Program Files (x86)\Microsoft Visual Studio\2019\Community\VC\Tools\MSVC\14.20.27508\include\xmemory0(873): error C2528: 'abstract declarator': pointer to reference is illegal
  C:\Program Files (x86)\Microsoft Visual Studio\2019\Community\VC\Tools\MSVC\14.20.27508\include\vector(310): note: see reference to class template instantiation 'std::_Simple_types<_Ty>' being compiled
          with
          [
              _Ty=engine::Component &
          ]
  C:\Program Files (x86)\Microsoft Visual Studio\2019\Community\VC\Tools\MSVC\14.20.27508\include\xmemory0(1520): note: see reference to class template instantiation 'std::_Vector_val<std::_Simple_types<_Ty>>' being compiled
          with
          [
              _Ty=engine::Component &
          ]
  C:\Program Files (x86)\Microsoft Visual Studio\2019\Community\VC\Tools\MSVC\14.20.27508\include\vector(1638): note: see reference to class template instantiation 'std::_Compressed_pair<std::allocator<_Ty>,std::_Vector_val<std::_Simple_types<_Ty>>,true>' being compiled
          with
          [
              _Ty=engine::Component &
          ]
C:\Program Files (x86)\Microsoft Visual Studio\2019\Community\VC\Tools\MSVC\14.20.27508\include\xmemory0(874): error C2528: 'abstract declarator': pointer to reference is illegal
C:\Users\Massimo\Documents\VisualStudioProjects\Engine\maincpp\engine.cpp(28): error C3867: 'std::vector<engine::Component &,std::allocator<_Ty>>::begin': non-standard syntax; use '&' to create a pointer to member
          with
          [
              _Ty=engine::Component &
          ]
C:\Users\Massimo\Documents\VisualStudioProjects\Engine\maincpp\engine.cpp(28): error C3536: 'i': cannot be used before it is initialized
C:\Users\Massimo\Documents\VisualStudioProjects\Engine\maincpp\engine.cpp(28): error C3867: 'std::vector<engine::Component &,std::allocator<_Ty>>::end': non-standard syntax; use '&' to create a pointer to member
          with
          [
              _Ty=engine::Component &
          ]
C:\Users\Massimo\Documents\VisualStudioProjects\Engine\maincpp\engine.cpp(28): error C2568: '<': unable to resolve function overload
  C:\Users\Massimo\Documents\VisualStudioProjects\Engine\maincpp\engine.cpp(28): note: could be 'std::_Vector_const_iterator<std::_Vector_val<std::_Simple_types<_Ty>>> std::vector<_Ty,std::allocator<_Ty>>::end(void) noexcept const'
          with
          [
              _Ty=engine::Component &
          ]
  C:\Users\Massimo\Documents\VisualStudioProjects\Engine\maincpp\engine.cpp(28): note: or       'std::_Vector_iterator<std::_Vector_val<std::_Simple_types<_Ty>>> std::vector<_Ty,std::allocator<_Ty>>::end(void) noexcept'
          with
          [
              _Ty=engine::Component &
          ]
C:\Users\Massimo\Documents\VisualStudioProjects\Engine\maincpp\engine.cpp(34): error C3867: 'std::vector<engine::Component &,std::allocator<_Ty>>::begin': non-standard syntax; use '&' to create a pointer to member
          with
          [
              _Ty=engine::Component &
          ]
C:\Users\Massimo\Documents\VisualStudioProjects\Engine\maincpp\engine.cpp(34): error C3536: 'i': cannot be used before it is initialized
C:\Users\Massimo\Documents\VisualStudioProjects\Engine\maincpp\engine.cpp(34): error C3867: 'std::vector<engine::Component &,std::allocator<_Ty>>::end': non-standard syntax; use '&' to create a pointer to member
          with
          [
              _Ty=engine::Component &
          ]
C:\Users\Massimo\Documents\VisualStudioProjects\Engine\maincpp\engine.cpp(34): error C2568: '<': unable to resolve function overload
  C:\Users\Massimo\Documents\VisualStudioProjects\Engine\maincpp\engine.cpp(34): note: could be 'std::_Vector_const_iterator<std::_Vector_val<std::_Simple_types<_Ty>>> std::vector<_Ty,std::allocator<_Ty>>::end(void) noexcept const'
          with
          [
              _Ty=engine::Component &
          ]
  C:\Users\Massimo\Documents\VisualStudioProjects\Engine\maincpp\engine.cpp(34): note: or       'std::_Vector_iterator<std::_Vector_val<std::_Simple_types<_Ty>>> std::vector<_Ty,std::allocator<_Ty>>::end(void) noexcept'
          with
          [
              _Ty=engine::Component &
          ]
C:\Users\Massimo\Documents\VisualStudioProjects\Engine\maincpp\engine.cpp(36): error C2660: 'engine::Component::Tick': function does not take 0 arguments
  C:\Users\Massimo\Documents\VisualStudioProjects\Engine\maincpp\Component.h(10): note: see declaration of 'engine::Component::Tick'
  Shader.cpp
  Vao.cpp
C:\Program Files (x86)\Microsoft Visual Studio\2019\Community\VC\Tools\MSVC\14.20.27508\include\memory(1546): error C2440: 'initializing': cannot convert from 'GLuint [3]' to '_Ty'
          with
          [
              _Ty=unsigned int
          ]
  C:\Program Files (x86)\Microsoft Visual Studio\2019\Community\VC\Tools\MSVC\14.20.27508\include\memory(1546): note: There is no context in which this conversion is possible
  C:\Program Files (x86)\Microsoft Visual Studio\2019\Community\VC\Tools\MSVC\14.20.27508\include\memory(1601): note: see reference to function template instantiation 'std::_Ref_count_obj<_Ty>::_Ref_count_obj<GLuint(&)[3]>(GLuint (&)[3])' being compiled
          with
          [
              _Ty=unsigned int
          ]
  C:\Program Files (x86)\Microsoft Visual Studio\2019\Community\VC\Tools\MSVC\14.20.27508\include\memory(1602): note: see reference to function template instantiation 'std::_Ref_count_obj<_Ty>::_Ref_count_obj<GLuint(&)[3]>(GLuint (&)[3])' being compiled
          with
          [
              _Ty=unsigned int
          ]
  C:\Users\Massimo\Documents\VisualStudioProjects\Engine\maincpp\Vao.cpp(25): note: see reference to function template instantiation 'std::shared_ptr<unsigned int> std::make_shared<unsigned int,GLuint(&)[3]>(GLuint (&)[3])' being compiled
  Generating Code...
